<?xml version="1.0" encoding="UTF-8"?>
<testng-results skipped="0" failed="0" ignored="0" total="1" passed="1">
  <reporter-output>
  </reporter-output>
  <suite name="Default Suite" duration-ms="18" started-at="2019-08-05T13:28:47Z" finished-at="2019-08-05T13:28:47Z">
    <groups>
    </groups>
    <test name="mavenproject_1" duration-ms="18" started-at="2019-08-05T13:28:47Z" finished-at="2019-08-05T13:28:47Z">
      <class name="com.dyq.studys.TestStudy_1">
        <test-method status="PASS" signature="test()[pri:0, instance:com.dyq.studys.TestStudy_1@2fc14f68]" name="test" duration-ms="5" started-at="2019-08-05T21:28:47Z" finished-at="2019-08-05T21:28:47Z">
          <reporter-output>
          </reporter-output>
        </test-method> <!-- test -->
      </class> <!-- com.dyq.studys.TestStudy_1 -->
    </test> <!-- mavenproject_1 -->
  </suite> <!-- Default Suite -->
</testng-results>
